> creating model bert
HTTP Request: HEAD https://huggingface.co/bert-base-uncased/resolve/main/config.json "HTTP/1.1 200 OK"
Warning: You are sending unauthenticated requests to the HF Hub. Please set a HF_TOKEN to enable higher rate limits and faster downloads.
HTTP Request: GET https://huggingface.co/bert-base-uncased/resolve/main/config.json "HTTP/1.1 200 OK"
HTTP Request: HEAD https://huggingface.co/bert-base-uncased/resolve/main/tokenizer_config.json "HTTP/1.1 200 OK"
HTTP Request: GET https://huggingface.co/bert-base-uncased/resolve/main/tokenizer_config.json "HTTP/1.1 200 OK"
HTTP Request: GET https://huggingface.co/api/models/bert-base-uncased/tree/main/additional_chat_templates?recursive=false&expand=false "HTTP/1.1 307 Temporary Redirect"
HTTP Request: GET https://huggingface.co/api/models/google-bert/bert-base-uncased/tree/main/additional_chat_templates?recursive=false&expand=false "HTTP/1.1 404 Not Found"
HTTP Request: GET https://huggingface.co/api/models/bert-base-uncased/tree/main?recursive=true&expand=false "HTTP/1.1 307 Temporary Redirect"
HTTP Request: GET https://huggingface.co/api/models/google-bert/bert-base-uncased/tree/main?recursive=true&expand=false "HTTP/1.1 200 OK"
HTTP Request: HEAD https://huggingface.co/bert-base-uncased/resolve/main/vocab.txt "HTTP/1.1 200 OK"
HTTP Request: GET https://huggingface.co/bert-base-uncased/resolve/main/vocab.txt "HTTP/1.1 200 OK"
HTTP Request: HEAD https://huggingface.co/bert-base-uncased/resolve/main/tokenizer.json "HTTP/1.1 200 OK"
HTTP Request: GET https://huggingface.co/bert-base-uncased/resolve/main/tokenizer.json "HTTP/1.1 200 OK"
HTTP Request: HEAD https://huggingface.co/bert-base-uncased/resolve/main/added_tokens.json "HTTP/1.1 404 Not Found"
HTTP Request: HEAD https://huggingface.co/bert-base-uncased/resolve/main/special_tokens_map.json "HTTP/1.1 404 Not Found"
HTTP Request: HEAD https://huggingface.co/bert-base-uncased/resolve/main/chat_template.jinja "HTTP/1.1 404 Not Found"
HTTP Request: HEAD https://huggingface.co/bert-base-uncased/resolve/main/config.json "HTTP/1.1 200 OK"
HTTP Request: HEAD https://huggingface.co/bert-base-uncased/resolve/main/model.safetensors "HTTP/1.1 302 Found"
HTTP Request: GET https://huggingface.co/api/models/google-bert/bert-base-uncased/xet-read-token/86b5e0934494bd15c9632b12f734a8a67f723594 "HTTP/1.1 200 OK"
> training arguments:
>>> num_classes: 2
>>> model_name: bert
>>> method_name: fnn
>>> train_batch_size: 4
>>> test_batch_size: 16
>>> num_epoch: 50
>>> lr: 1e-05
>>> weight_decay: 0.01
>>> device: cpu
>>> backend: False
>>> workers: 0
>>> timestamp: 1777210583124
>>> log_name: bert_fnn_26-04-26_16-36-22.log
1/50 - 2.00%
[train] loss: 0.4940, acc: 80.55
[test] loss: 0.5034, acc: 80.40
2/50 - 4.00%
[train] loss: 0.4067, acc: 90.65
[test] loss: 0.4103, acc: 90.00
